<?xml version="1.0" encoding="UTF-8"?>
<!-- Generated by org.testng.reporters.JUnitXMLReporter -->
<testsuite ignored="0" hostname="DESKTOP-LO5JEIJ" failures="0" tests="6" name="MyTests" time="68.429" errors="0" timestamp="2023-04-02T15:54:14 IST">
  <testcase classname="edubridge.nopcommerce.tests.RegisterTest" name="Test_Register_Success" time="3.523"/>
  <testcase classname="edubridge.nopcommerce.tests.LoginTest" name="Test_Login_Success" time="2.264"/>
  <testcase classname="edubridge.nopcommerce.tests.HomePageTest" name="Test_ProductSearch_Success" time="4.649"/>
  <testcase classname="edubridge.nopcommerce.tests.HomePageTest" name="AddProductToCartAndCheckOut" time="1.37"/>
  <testcase classname="edubridge.nopcommerce.tests.CheckOutTest" name="Start_CheckOut_Success" time="2.007"/>
  <testcase classname="edubridge.nopcommerce.tests.CheckOutTest" name="Complete_CheckOut_Success" time="3.445"/>
</testsuite> <!-- MyTests -->
